<?xml version="1.0" encoding="UTF-8"?>
<robot generator="Robot 6.0.2 (Python 3.10.5 on linux)" generated="20230416 23:39:54.155" rpa="false" schemaversion="3">
<suite id="s1" name="diferentesDominios" source="/home/me/Vinicius/Robot/diferentesDominios.robot">
<kw name="Acessar Google" library="diferentesDominiosResource" type="SETUP">
<kw name="Open Browser" library="SeleniumLibrary">
<arg>${URL}</arg>
<arg>${BROWSER}</arg>
<doc>Opens a new browser instance to the optional ``url``.</doc>
<msg timestamp="20230416 23:39:54.294" level="INFO">Opening browser 'chrome' to base url 'https://www.google.com.br/'.</msg>
<status status="PASS" starttime="20230416 23:39:54.293" endtime="20230416 23:39:56.838"/>
</kw>
<kw name="Title Should Be" library="SeleniumLibrary">
<arg>Google</arg>
<doc>Verifies that the current page title equals ``title``.</doc>
<msg timestamp="20230416 23:39:56.843" level="INFO">Page title is 'Google'.</msg>
<status status="PASS" starttime="20230416 23:39:56.839" endtime="20230416 23:39:56.843"/>
</kw>
<status status="PASS" starttime="20230416 23:39:54.293" endtime="20230416 23:39:56.843"/>
</kw>
<test id="s1-t1" name="Acessar o site da amazon via serviço de busca" line="9">
<kw name="Pesquisar o site da &quot;Amazon&quot;" library="diferentesDominiosResource" sourcename="Pesquisar o site da &quot;${NOME_SITE}&quot;">
<kw name="Input Text" library="SeleniumLibrary">
<arg>${CAMPO_PESQUISA_GOOGLE}</arg>
<arg>${NOME_SITE}</arg>
<doc>Types the given ``text`` into the text field identified by ``locator``.</doc>
<msg timestamp="20230416 23:39:56.845" level="INFO">Typing text 'Amazon' into text field 'xpath=//textarea[@type='search']'.</msg>
<status status="PASS" starttime="20230416 23:39:56.844" endtime="20230416 23:39:56.906"/>
</kw>
<kw name="Press Keys" library="SeleniumLibrary">
<arg>${CAMPO_PESQUISA_GOOGLE}</arg>
<arg>ENTER</arg>
<doc>Simulates the user pressing key(s) to an element or on the active browser.</doc>
<msg timestamp="20230416 23:39:56.907" level="INFO">Sending key(s) ('ENTER',) to xpath=//textarea[@type='search'] element.</msg>
<msg timestamp="20230416 23:39:57.205" level="INFO">Pressing special key ENTER to element.</msg>
<msg timestamp="20230416 23:39:57.205" level="INFO">Releasing special key ENTER.</msg>
<status status="PASS" starttime="20230416 23:39:56.906" endtime="20230416 23:40:00.388"/>
</kw>
<kw name="Wait Until Element Is Visible" library="SeleniumLibrary">
<arg>${LISTA_RESULTADOS}</arg>
<doc>Waits until the element ``locator`` is visible.</doc>
<status status="PASS" starttime="20230416 23:40:00.388" endtime="20230416 23:40:00.419"/>
</kw>
<status status="PASS" starttime="20230416 23:39:56.844" endtime="20230416 23:40:00.419"/>
</kw>
<kw name="Selecionar o site da Amazon pelos resultados do Google" library="diferentesDominiosResource">
<kw name="Wait Until Element Is Visible" library="SeleniumLibrary">
<arg>${LISTA_RESULTADOS}</arg>
<doc>Waits until the element ``locator`` is visible.</doc>
<status status="PASS" starttime="20230416 23:40:00.420" endtime="20230416 23:40:00.436"/>
</kw>
<kw name="Click Element" library="SeleniumLibrary">
<arg>${LINK_SITE_AMAZON}</arg>
<doc>Click the element identified by ``locator``.</doc>
<msg timestamp="20230416 23:40:00.437" level="INFO">Clicking element 'xpath=//a[@href='https://www.amazon.com.br/']'.</msg>
<status status="PASS" starttime="20230416 23:40:00.436" endtime="20230416 23:40:02.632"/>
</kw>
<status status="PASS" starttime="20230416 23:40:00.420" endtime="20230416 23:40:02.632"/>
</kw>
<kw name="Verificar que o site da Amazon foi carregado corretamente" library="diferentesDominiosResource">
<kw name="Wait Until Element Is Visible" library="SeleniumLibrary">
<arg>${CAMPO_PESQUISA_AMAZON}</arg>
<doc>Waits until the element ``locator`` is visible.</doc>
<status status="PASS" starttime="20230416 23:40:02.633" endtime="20230416 23:40:02.656"/>
</kw>
<kw name="Element Should Be Visible" library="SeleniumLibrary">
<arg>${CAMPO_PESQUISA_AMAZON}</arg>
<doc>Verifies that the element identified by ``locator`` is visible.</doc>
<msg timestamp="20230416 23:40:02.669" level="INFO">Element 'xpath=//input[@id='twotabsearchtextbox']' is displayed.</msg>
<status status="PASS" starttime="20230416 23:40:02.656" endtime="20230416 23:40:02.669"/>
</kw>
<kw name="Element Should Be Visible" library="SeleniumLibrary">
<arg>${LOGO_SITE_AMAZON}</arg>
<doc>Verifies that the element identified by ``locator`` is visible.</doc>
<msg timestamp="20230416 23:40:02.684" level="INFO">Element 'xpath=//a[@aria-label='Amazon.com.br']' is displayed.</msg>
<status status="PASS" starttime="20230416 23:40:02.669" endtime="20230416 23:40:02.684"/>
</kw>
<status status="PASS" starttime="20230416 23:40:02.632" endtime="20230416 23:40:02.684"/>
</kw>
<status status="PASS" starttime="20230416 23:39:56.843" endtime="20230416 23:40:02.684"/>
</test>
<kw name="Fechar Navegador" library="diferentesDominiosResource" type="TEARDOWN">
<kw name="Close Browser" library="SeleniumLibrary">
<doc>Closes the current browser.</doc>
<status status="PASS" starttime="20230416 23:40:02.685" endtime="20230416 23:40:02.747"/>
</kw>
<status status="PASS" starttime="20230416 23:40:02.685" endtime="20230416 23:40:02.748"/>
</kw>
<status status="PASS" starttime="20230416 23:39:54.155" endtime="20230416 23:40:02.748"/>
</suite>
<statistics>
<total>
<stat pass="1" fail="0" skip="0">All Tests</stat>
</total>
<tag>
</tag>
<suite>
<stat pass="1" fail="0" skip="0" id="s1" name="diferentesDominios">diferentesDominios</stat>
</suite>
</statistics>
<errors>
</errors>
</robot>
